2023-08-04 14:57:56.642 [info] Log level: Info
2023-08-04 14:57:56.642 [info] Validating found git in: "git"
2023-08-04 14:57:56.642 [info] Using git "2.41.0" from "git"
2023-08-04 14:57:56.642 [info] > git rev-parse --show-toplevel [9ms]
2023-08-04 14:57:56.763 [info] > git rev-parse --git-dir --git-common-dir [115ms]
2023-08-04 14:57:56.787 [info] Open repository: /home/c0x164/Projects/israaskim.github.io
2023-08-04 14:57:57.025 [info] > git config --get commit.template [77ms]
2023-08-04 14:57:57.054 [info] > git for-each-ref --format=%(refname)%00%(upstream:short)%00%(objectname)%00%(upstream:track)%00%(upstream:remotename)%00%(upstream:remoteref) refs/heads/main refs/remotes/main [6ms]
2023-08-04 14:57:57.075 [info] > git status -z -uall [12ms]
2023-08-04 14:57:57.119 [info] > git config --get commit.template [5ms]
2023-08-04 14:57:57.145 [info] > git for-each-ref --format=%(refname)%00%(upstream:short)%00%(objectname)%00%(upstream:track)%00%(upstream:remotename)%00%(upstream:remoteref) refs/heads/main refs/remotes/main [4ms]
2023-08-04 14:57:57.161 [info] > git status -z -uall [9ms]
2023-08-04 14:57:57.309 [info] > git show --textconv :index.html [11ms]
2023-08-04 14:57:57.311 [info] > git ls-files --stage -- /home/c0x164/Projects/israaskim.github.io/index.html [3ms]
2023-08-04 14:57:57.322 [info] > git cat-file -s 2f4116a4e3e9849ec2c8aa897c227e1b3619788a [2ms]
2023-08-04 14:57:57.501 [info] > git check-ignore -v -z --stdin [1ms]
2023-08-04 14:57:57.639 [info] > git fetch [853ms]
2023-08-04 14:57:57.639 [info] Missing or invalid credentials.
Skip silent fetch commands
Missing or invalid credentials.
Skip silent fetch commands
remote: Repository not found.
fatal: Authentication failed for 'https://github.com/c0x164/israaskim.github.io.git/'
2023-08-04 14:57:57.658 [info] > git for-each-ref --format=%(refname)%00%(upstream:short)%00%(objectname)%00%(upstream:track)%00%(upstream:remotename)%00%(upstream:remoteref) refs/heads/main refs/remotes/main [1ms]
2023-08-04 14:57:57.658 [info] > git config --get commit.template [11ms]
2023-08-04 14:57:57.666 [info] > git status -z -uall [1ms]
2023-08-04 14:57:58.130 [info] > git ls-files --stage -- /home/c0x164/Projects/israaskim.github.io/index.html [2ms]
2023-08-04 14:57:58.141 [info] > git cat-file -s 2f4116a4e3e9849ec2c8aa897c227e1b3619788a [1ms]
2023-08-04 14:57:58.155 [info] > git show --textconv :index.html [1ms]
2023-08-04 14:58:23.548 [info] Log level: Info
2023-08-04 14:58:23.548 [info] Validating found git in: "git"
2023-08-04 14:58:23.548 [info] Using git "2.41.0" from "git"
2023-08-04 14:58:23.548 [info] > git rev-parse --show-toplevel [12ms]
2023-08-04 14:58:23.548 [info] > git rev-parse --git-dir --git-common-dir [25ms]
2023-08-04 14:58:23.548 [info] Open repository: /home/c0x164/dotfiles
2023-08-04 14:58:23.548 [info] > git config --get commit.template [4ms]
2023-08-04 14:58:23.557 [info] > git for-each-ref --format=%(refname)%00%(upstream:short)%00%(objectname)%00%(upstream:track)%00%(upstream:remotename)%00%(upstream:remoteref) refs/heads/master refs/remotes/master [2ms]
2023-08-04 14:58:23.566 [info] > git status -z -uall [1ms]
2023-08-04 14:58:23.581 [info] > git config --get commit.template [3ms]
2023-08-04 14:58:23.592 [info] > git for-each-ref --format=%(refname)%00%(upstream:short)%00%(objectname)%00%(upstream:track)%00%(upstream:remotename)%00%(upstream:remoteref) refs/heads/master refs/remotes/master [2ms]
2023-08-04 14:58:23.601 [info] > git status -z -uall [2ms]
