[2023-08-04 02:43:30.481] Starting Git Graph ...
[2023-08-04 02:43:30.491] Using git (version: 2.41.0)
[2023-08-04 02:43:30.500] Started Git Graph - Ready to use!
[2023-08-04 02:43:30.500] Searching workspace for new repos ...
[2023-08-04 02:43:30.508] > git rev-parse --show-toplevel
[2023-08-04 02:43:30.531] Added new repo: /home/c0x164/Projects/israaskim.github.io
[2023-08-04 02:43:30.551] Successfully set Visual Studio Code Context "git-graph:codiconsSupported" to "true"
[2023-08-04 02:43:30.571] Completed searching workspace for new repos
[2023-08-04 02:43:30.572] Showing "Git Graph" Status Bar Item
[2023-08-04 02:48:56.081] Created Git Graph View
[2023-08-04 02:48:56.347] > git branch -a --no-color
[2023-08-04 02:48:56.361] > git remote
[2023-08-04 02:48:56.377] > git reflog --format=... refs/stash --
[2023-08-04 02:48:56.383] Started watching repo: /home/c0x164/Projects/israaskim.github.io
[2023-08-04 02:48:56.434] > git -c log.showSignature=false log --max-count=301 --format=... --date-order --branches --tags --remotes HEAD --
[2023-08-04 02:48:56.455] > git show-ref -d --head
[2023-08-04 02:48:56.484] > git status --untracked-files=all --porcelain
[2023-08-04 02:48:56.531] > git --no-pager config --list -z --includes
[2023-08-04 02:48:56.549] > git --no-pager config --list -z --includes --local
[2023-08-04 02:48:56.561] > git --no-pager config --list -z --includes --global
[2023-08-04 02:48:58.671] Stopped watching repo: /home/c0x164/Projects/israaskim.github.io
