2023-08-04 02:43:21.768 [info] [perf] Render performance baseline is 192ms
2023-08-04 02:43:28.954 [info] [perf] Render performance baseline is 189ms
2023-08-04 02:46:49.695 [error] An unknown error occurred. Please consult the log for more details.
2023-08-04 02:46:52.624 [error] An unknown error occurred. Please consult the log for more details.
2023-08-04 02:46:56.150 [error] An unknown error occurred. Please consult the log for more details.
2023-08-04 02:47:00.852 [error] An unknown error occurred. Please consult the log for more details.
2023-08-04 02:47:02.259 [error] An unknown error occurred. Please consult the log for more details.
2023-08-04 02:47:04.492 [error] An unknown error occurred. Please consult the log for more details.
2023-08-04 02:47:12.512 [error] An unknown error occurred. Please consult the log for more details.
2023-08-04 02:47:14.450 [error] An unknown error occurred. Please consult the log for more details.
2023-08-04 02:47:15.984 [error] An unknown error occurred. Please consult the log for more details.
2023-08-04 02:49:29.573 [error] [Extension Host] Failed to load message bundle for file /home/c0x164/.vscode-oss/extensions/ms-vscode.live-server-0.4.8-universal/out/src/utils/constants
2023-08-04 02:49:29.577 [error] [Extension Host] Failed to load message bundle for file /home/c0x164/.vscode-oss/extensions/ms-vscode.live-server-0.4.8-universal/out/src/connectionInfo/connection
2023-08-04 02:49:29.578 [error] [Extension Host] Failed to load message bundle for file /home/c0x164/.vscode-oss/extensions/ms-vscode.live-server-0.4.8-universal/out/src/connectionInfo/connectionManager
2023-08-04 02:49:29.579 [error] [Extension Host] Failed to load message bundle for file /home/c0x164/.vscode-oss/extensions/ms-vscode.live-server-0.4.8-universal/out/src/editorPreview/webviewComm
2023-08-04 02:49:29.579 [error] [Extension Host] Failed to load message bundle for file /home/c0x164/.vscode-oss/extensions/ms-vscode.live-server-0.4.8-universal/out/src/editorPreview/browserPreview
2023-08-04 02:49:29.580 [error] [Extension Host] Failed to load message bundle for file /home/c0x164/.vscode-oss/extensions/ms-vscode.live-server-0.4.8-universal/out/src/task/serverTaskLinkProvider
2023-08-04 02:49:29.581 [error] [Extension Host] Failed to load message bundle for file /home/c0x164/.vscode-oss/extensions/ms-vscode.live-server-0.4.8-universal/out/src/task/serverTaskTerminal
2023-08-04 02:49:29.581 [error] [Extension Host] Failed to load message bundle for file /home/c0x164/.vscode-oss/extensions/ms-vscode.live-server-0.4.8-universal/out/src/editorPreview/previewManager
2023-08-04 02:49:29.582 [error] [Extension Host] Failed to load message bundle for file /home/c0x164/.vscode-oss/extensions/ms-vscode.live-server-0.4.8-universal/out/src/server/serverUtils/statusBarNotifier
2023-08-04 02:49:29.592 [error] [Extension Host] Failed to load message bundle for file /home/c0x164/.vscode-oss/extensions/ms-vscode.live-server-0.4.8-universal/out/src/server/serverUtils/contentLoader
2023-08-04 02:49:29.593 [error] [Extension Host] Failed to load message bundle for file /home/c0x164/.vscode-oss/extensions/ms-vscode.live-server-0.4.8-universal/out/src/server/httpServer
2023-08-04 02:49:29.594 [error] [Extension Host] Failed to load message bundle for file /home/c0x164/.vscode-oss/extensions/ms-vscode.live-server-0.4.8-universal/out/src/server/serverGrouping
2023-08-04 02:49:29.594 [error] [Extension Host] Failed to load message bundle for file /home/c0x164/.vscode-oss/extensions/ms-vscode.live-server-0.4.8-universal/out/src/manager
