2023-08-04 02:43:16.994 [info] Added views:workbench.panel.markers.view in workbench.panel.markers
2023-08-04 02:43:16.994 [info] Added views:workbench.panel.output in workbench.panel.output
2023-08-04 02:43:16.994 [info] Added views:terminal in terminal
2023-08-04 02:43:16.994 [info] Added views:outline in workbench.view.explorer
2023-08-04 02:43:16.994 [info] Added views:workbench.scm in workbench.view.scm
2023-08-04 02:43:16.994 [info] Added views:workbench.view.search in workbench.view.search
2023-08-04 02:43:16.994 [info] Added views:timeline in workbench.view.explorer
2023-08-04 02:43:16.994 [info] Added views:workbench.explorer.emptyView in workbench.view.explorer
2023-08-04 02:43:17.363 [info] Added views:gitlens.views.home,gitlens.views.workspaces,gitlens.views.account in workbench.view.extension.gitlens
2023-08-04 02:43:17.364 [info] Added views:gitlens.views.commitDetails,gitlens.views.lineHistory,gitlens.views.fileHistory,gitlens.views.searchAndCompare in workbench.view.extension.gitlensInspect
2023-08-04 02:43:17.365 [info] Added views:gitlens.views.commits,gitlens.views.branches,gitlens.views.remotes,gitlens.views.stashes,gitlens.views.tags,gitlens.views.contributors in workbench.view.scm
2023-08-04 02:43:17.366 [info] Added views:git-log--graph in workbench.view.scm
2023-08-04 02:43:17.584 [info] Added views:workbench.debug.welcome in workbench.view.debug
2023-08-04 02:43:17.622 [info] Added views:workbench.panel.repl.view in workbench.panel.repl
2023-08-04 02:43:17.669 [info] Removed views:gitlens.views.searchAndCompare,gitlens.views.fileHistory,gitlens.views.lineHistory,gitlens.views.commitDetails from workbench.view.extension.gitlensInspect
2023-08-04 02:43:17.671 [info] Removed views:gitlens.views.contributors,gitlens.views.tags,gitlens.views.stashes,gitlens.views.remotes,gitlens.views.branches,gitlens.views.commits from workbench.view.scm
2023-08-04 02:43:25.894 [info] Added views:workbench.panel.markers.view in workbench.panel.markers
2023-08-04 02:43:25.894 [info] Added views:workbench.panel.output in workbench.panel.output
2023-08-04 02:43:25.894 [info] Added views:terminal in terminal
2023-08-04 02:43:25.894 [info] Added views:outline in workbench.view.explorer
2023-08-04 02:43:25.894 [info] Added views:workbench.scm in workbench.view.scm
2023-08-04 02:43:25.894 [info] Added views:workbench.view.search in workbench.view.search
2023-08-04 02:43:25.894 [info] Added views:timeline in workbench.view.explorer
2023-08-04 02:43:25.894 [info] Added views:workbench.explorer.fileView in workbench.view.explorer
2023-08-04 02:43:26.112 [info] Added views:gitlens.views.home,gitlens.views.workspaces,gitlens.views.account in workbench.view.extension.gitlens
2023-08-04 02:43:26.113 [info] Added views:gitlens.views.commitDetails,gitlens.views.lineHistory,gitlens.views.fileHistory,gitlens.views.searchAndCompare in workbench.view.extension.gitlensInspect
2023-08-04 02:43:26.115 [info] Added views:gitlens.views.commits,gitlens.views.branches,gitlens.views.remotes,gitlens.views.stashes,gitlens.views.tags,gitlens.views.contributors in workbench.view.scm
2023-08-04 02:43:26.267 [info] Added views:workbench.debug.variablesView,workbench.debug.watchExpressionsView,workbench.debug.callStackView,workbench.debug.breakPointsView in workbench.view.debug
2023-08-04 02:43:26.461 [info] Added views:workbench.panel.repl.view in workbench.panel.repl
2023-08-04 02:43:26.462 [info] Removed views:workbench.debug.breakPointsView,workbench.debug.callStackView,workbench.debug.watchExpressionsView,workbench.debug.variablesView from workbench.view.debug
2023-08-04 02:43:26.463 [info] Added views:workbench.debug.welcome in workbench.view.debug
2023-08-04 02:43:26.944 [info] Removed views:gitlens.views.workspaces from workbench.view.extension.gitlens
2023-08-04 02:43:27.061 [info] Removed views:gitlens.views.searchAndCompare,gitlens.views.fileHistory,gitlens.views.lineHistory,gitlens.views.commitDetails from workbench.view.extension.gitlensInspect
2023-08-04 02:43:27.061 [info] Removed views:gitlens.views.contributors,gitlens.views.tags,gitlens.views.stashes,gitlens.views.remotes,gitlens.views.branches,gitlens.views.commits from workbench.view.scm
2023-08-04 02:43:30.153 [info] Added views:gitlens.views.workspaces in workbench.view.extension.gitlens
2023-08-04 02:43:30.194 [info] Added views:gitlens.views.graph,gitlens.views.graphDetails in workbench.view.extension.gitlensPanel
2023-08-04 02:43:30.199 [info] Added views:gitlens.views.commitDetails,gitlens.views.lineHistory,gitlens.views.fileHistory,gitlens.views.timeline,gitlens.views.searchAndCompare in workbench.view.extension.gitlensInspect
2023-08-04 02:43:30.203 [info] Added views:gitlens.views.commits,gitlens.views.branches,gitlens.views.remotes,gitlens.views.stashes,gitlens.views.tags,gitlens.views.worktrees,gitlens.views.contributors in workbench.view.scm
2023-08-04 02:43:30.338 [info] Added views:git-log--graph in workbench.view.scm
2023-08-04 02:43:37.151 [info] Added views:workbench.views.extensions.installed,workbench.views.extensions.popular,extensions.recommendedList in workbench.view.extensions
2023-08-04 02:43:37.161 [info] Removed views:workbench.views.extensions.popular from workbench.view.extensions
2023-08-04 02:43:39.587 [info] Removed views:extensions.recommendedList,workbench.views.extensions.installed from workbench.view.extensions
2023-08-04 02:43:39.610 [info] Added views:workbench.views.extensions.marketplace in workbench.view.extensions
2023-08-04 02:45:14.145 [info] Added views:targetTree in workbench.view.extension.browser-preview
