2023-08-04 23:49:04.346 [info] Extension host with pid 1867 started
2023-08-04 23:49:04.455 [info] ExtensionService#_doActivateExtension vscode.emmet, startup: false, activationEvent: 'onLanguage'
2023-08-04 23:49:04.508 [info] ExtensionService#_doActivateExtension vscode.git-base, startup: true, activationEvent: '*', root cause: vscode.git
2023-08-04 23:49:04.510 [info] ExtensionService#_doActivateExtension christian-kohler.path-intellisense, startup: true, activationEvent: '*'
2023-08-04 23:49:04.531 [info] ExtensionService#_doActivateExtension ecmel.vscode-html-css, startup: true, activationEvent: '*'
2023-08-04 23:49:04.552 [info] ExtensionService#_doActivateExtension kisstkondoros.vscode-gutter-preview, startup: true, activationEvent: '*'
2023-08-04 23:49:04.568 [info] ExtensionService#_doActivateExtension mhutchie.git-graph, startup: true, activationEvent: '*'
2023-08-04 23:49:04.594 [info] ExtensionService#_doActivateExtension naumovs.color-highlight, startup: true, activationEvent: '*'
2023-08-04 23:49:04.634 [info] ExtensionService#_doActivateExtension vscode.git, startup: true, activationEvent: '*'
2023-08-04 23:49:04.653 [info] ExtensionService#_doActivateExtension vscode.github, startup: true, activationEvent: '*'
2023-08-04 23:49:04.717 [info] Eager extensions activated
2023-08-04 23:49:04.757 [info] ExtensionService#_doActivateExtension vscode.debug-auto-launch, startup: false, activationEvent: 'onStartupFinished'
2023-08-04 23:49:04.759 [info] ExtensionService#_doActivateExtension vscode.merge-conflict, startup: false, activationEvent: 'onStartupFinished'
2023-08-04 23:49:04.765 [info] ExtensionService#_doActivateExtension dbaeumer.vscode-eslint, startup: false, activationEvent: 'onStartupFinished'
2023-08-04 23:49:04.777 [info] ExtensionService#_doActivateExtension eamodio.gitlens, startup: false, activationEvent: 'onStartupFinished'
2023-08-04 23:49:04.811 [info] ExtensionService#_doActivateExtension esbenp.prettier-vscode, startup: false, activationEvent: 'onStartupFinished'
2023-08-04 23:49:04.845 [info] ExtensionService#_doActivateExtension phil294.git-log--graph, startup: false, activationEvent: 'onStartupFinished'
2023-08-04 23:49:04.862 [info] ExtensionService#_doActivateExtension ritwickdey.LiveServer, startup: false, activationEvent: 'onStartupFinished'
2023-08-04 23:49:04.876 [info] ExtensionService#_doActivateExtension waderyan.gitblame, startup: false, activationEvent: 'onStartupFinished'
2023-08-04 23:52:10.040 [info] Extension host terminating: renderer closed the MessagePort
2023-08-04 23:52:10.059 [error] Canceled: Canceled
	at new l (/usr/lib/code/out/vs/workbench/api/node/extensionHostProcess.js:99:105905)
	at s.O (/usr/lib/code/out/vs/workbench/api/node/extensionHostProcess.js:111:11754)
	at $.<computed>.j.charCodeAt.$.<computed> (/usr/lib/code/out/vs/workbench/api/node/extensionHostProcess.js:111:9029)
	at e.ExtHostCommands.g (/usr/lib/code/out/vs/workbench/api/node/extensionHostProcess.js:99:130078)
	at e.ExtHostCommands.executeCommand (/usr/lib/code/out/vs/workbench/api/node/extensionHostProcess.js:99:129454)
	at k.registerCommand.description (/usr/lib/code/out/vs/workbench/api/node/extensionHostProcess.js:99:128747)
	at e.ExtHostCommands.h (/usr/lib/code/out/vs/workbench/api/node/extensionHostProcess.js:99:130664)
	at e.ExtHostCommands.g (/usr/lib/code/out/vs/workbench/api/node/extensionHostProcess.js:99:129554)
	at e.ExtHostCommands.executeCommand (/usr/lib/code/out/vs/workbench/api/node/extensionHostProcess.js:99:129454)
	at Object.executeCommand (/usr/lib/code/out/vs/workbench/api/node/extensionHostProcess.js:117:24230)
	at g (/home/c0x164/.vscode-oss/extensions/eamodio.gitlens-14.0.1-universal/dist/gitlens.js:1:916739)
	at c (/home/c0x164/.vscode-oss/extensions/eamodio.gitlens-14.0.1-universal/dist/gitlens.js:1:921419)
	at ActionRunners._updateContextKeys (/home/c0x164/.vscode-oss/extensions/eamodio.gitlens-14.0.1-universal/dist/gitlens.js:1:37764)
	at s (/home/c0x164/.vscode-oss/extensions/eamodio.gitlens-14.0.1-universal/dist/gitlens.js:1:36183)
	at RegisteredActionRunner.unregister (/home/c0x164/.vscode-oss/extensions/eamodio.gitlens-14.0.1-universal/dist/gitlens.js:1:36327)
	at RegisteredActionRunner.dispose (/home/c0x164/.vscode-oss/extensions/eamodio.gitlens-14.0.1-universal/dist/gitlens.js:1:34992)
	at ActionRunners.dispose (/home/c0x164/.vscode-oss/extensions/eamodio.gitlens-14.0.1-universal/dist/gitlens.js:1:35769)
	at /home/c0x164/.vscode-oss/extensions/eamodio.gitlens-14.0.1-universal/dist/gitlens.js:1:647728
	at Array.forEach (<anonymous>)
	at Object.dispose (/home/c0x164/.vscode-oss/extensions/eamodio.gitlens-14.0.1-universal/dist/gitlens.js:1:647713)
	at I (/usr/lib/code/out/vs/workbench/api/node/extensionHostProcess.js:10:12083)
	at n.Z (/usr/lib/code/out/vs/workbench/api/node/extensionHostProcess.js:113:11285)
	at /usr/lib/code/out/vs/workbench/api/node/extensionHostProcess.js:113:9187
	at Array.map (<anonymous>)
	at n.S (/usr/lib/code/out/vs/workbench/api/node/extensionHostProcess.js:113:9175)
	at n.terminate (/usr/lib/code/out/vs/workbench/api/node/extensionHostProcess.js:113:9445)
	at h.terminate (/usr/lib/code/out/vs/workbench/api/node/extensionHostProcess.js:117:1544)
	at p (/usr/lib/code/out/vs/workbench/api/node/extensionHostProcess.js:127:34497)
	at MessagePortMain.<anonymous> (/usr/lib/code/out/vs/workbench/api/node/extensionHostProcess.js:127:30636)
	at MessagePortMain.emit (node:events:513:28)
	at MessagePortMain._internalPort.emit (node:electron/js2c/utility_init:2:367) setContext undefined
2023-08-04 23:52:10.059 [error] Canceled: Canceled
	at new l (/usr/lib/code/out/vs/workbench/api/node/extensionHostProcess.js:99:105905)
	at s.O (/usr/lib/code/out/vs/workbench/api/node/extensionHostProcess.js:111:11754)
	at $.<computed>.j.charCodeAt.$.<computed> (/usr/lib/code/out/vs/workbench/api/node/extensionHostProcess.js:111:9029)
	at e.ExtHostCommands.g (/usr/lib/code/out/vs/workbench/api/node/extensionHostProcess.js:99:130078)
	at e.ExtHostCommands.executeCommand (/usr/lib/code/out/vs/workbench/api/node/extensionHostProcess.js:99:129454)
	at k.registerCommand.description (/usr/lib/code/out/vs/workbench/api/node/extensionHostProcess.js:99:128747)
	at e.ExtHostCommands.h (/usr/lib/code/out/vs/workbench/api/node/extensionHostProcess.js:99:130664)
	at e.ExtHostCommands.g (/usr/lib/code/out/vs/workbench/api/node/extensionHostProcess.js:99:129554)
	at e.ExtHostCommands.executeCommand (/usr/lib/code/out/vs/workbench/api/node/extensionHostProcess.js:99:129454)
	at Object.executeCommand (/usr/lib/code/out/vs/workbench/api/node/extensionHostProcess.js:117:24230)
	at g (/home/c0x164/.vscode-oss/extensions/eamodio.gitlens-14.0.1-universal/dist/gitlens.js:1:916739)
	at c (/home/c0x164/.vscode-oss/extensions/eamodio.gitlens-14.0.1-universal/dist/gitlens.js:1:921419)
	at ActionRunners._updateContextKeys (/home/c0x164/.vscode-oss/extensions/eamodio.gitlens-14.0.1-universal/dist/gitlens.js:1:37764)
	at s (/home/c0x164/.vscode-oss/extensions/eamodio.gitlens-14.0.1-universal/dist/gitlens.js:1:36183)
	at RegisteredActionRunner.unregister (/home/c0x164/.vscode-oss/extensions/eamodio.gitlens-14.0.1-universal/dist/gitlens.js:1:36327)
	at RegisteredActionRunner.dispose (/home/c0x164/.vscode-oss/extensions/eamodio.gitlens-14.0.1-universal/dist/gitlens.js:1:34992)
	at ActionRunners.dispose (/home/c0x164/.vscode-oss/extensions/eamodio.gitlens-14.0.1-universal/dist/gitlens.js:1:35769)
	at /home/c0x164/.vscode-oss/extensions/eamodio.gitlens-14.0.1-universal/dist/gitlens.js:1:647728
	at Array.forEach (<anonymous>)
	at Object.dispose (/home/c0x164/.vscode-oss/extensions/eamodio.gitlens-14.0.1-universal/dist/gitlens.js:1:647713)
	at I (/usr/lib/code/out/vs/workbench/api/node/extensionHostProcess.js:10:12083)
	at n.Z (/usr/lib/code/out/vs/workbench/api/node/extensionHostProcess.js:113:11285)
	at /usr/lib/code/out/vs/workbench/api/node/extensionHostProcess.js:113:9187
	at Array.map (<anonymous>)
	at n.S (/usr/lib/code/out/vs/workbench/api/node/extensionHostProcess.js:113:9175)
	at n.terminate (/usr/lib/code/out/vs/workbench/api/node/extensionHostProcess.js:113:9445)
	at h.terminate (/usr/lib/code/out/vs/workbench/api/node/extensionHostProcess.js:117:1544)
	at p (/usr/lib/code/out/vs/workbench/api/node/extensionHostProcess.js:127:34497)
	at MessagePortMain.<anonymous> (/usr/lib/code/out/vs/workbench/api/node/extensionHostProcess.js:127:30636)
	at MessagePortMain.emit (node:events:513:28)
	at MessagePortMain._internalPort.emit (node:electron/js2c/utility_init:2:367) setContext undefined
2023-08-04 23:52:10.059 [error] Canceled: Canceled
	at new l (/usr/lib/code/out/vs/workbench/api/node/extensionHostProcess.js:99:105905)
	at s.O (/usr/lib/code/out/vs/workbench/api/node/extensionHostProcess.js:111:11754)
	at $.<computed>.j.charCodeAt.$.<computed> (/usr/lib/code/out/vs/workbench/api/node/extensionHostProcess.js:111:9029)
	at e.ExtHostCommands.g (/usr/lib/code/out/vs/workbench/api/node/extensionHostProcess.js:99:130078)
	at e.ExtHostCommands.executeCommand (/usr/lib/code/out/vs/workbench/api/node/extensionHostProcess.js:99:129454)
	at k.registerCommand.description (/usr/lib/code/out/vs/workbench/api/node/extensionHostProcess.js:99:128747)
	at e.ExtHostCommands.h (/usr/lib/code/out/vs/workbench/api/node/extensionHostProcess.js:99:130664)
	at e.ExtHostCommands.g (/usr/lib/code/out/vs/workbench/api/node/extensionHostProcess.js:99:129554)
	at e.ExtHostCommands.executeCommand (/usr/lib/code/out/vs/workbench/api/node/extensionHostProcess.js:99:129454)
	at Object.executeCommand (/usr/lib/code/out/vs/workbench/api/node/extensionHostProcess.js:117:24230)
	at g (/home/c0x164/.vscode-oss/extensions/eamodio.gitlens-14.0.1-universal/dist/gitlens.js:1:916739)
	at c (/home/c0x164/.vscode-oss/extensions/eamodio.gitlens-14.0.1-universal/dist/gitlens.js:1:921419)
	at ActionRunners._updateContextKeys (/home/c0x164/.vscode-oss/extensions/eamodio.gitlens-14.0.1-universal/dist/gitlens.js:1:37764)
	at s (/home/c0x164/.vscode-oss/extensions/eamodio.gitlens-14.0.1-universal/dist/gitlens.js:1:36183)
	at RegisteredActionRunner.unregister (/home/c0x164/.vscode-oss/extensions/eamodio.gitlens-14.0.1-universal/dist/gitlens.js:1:36327)
	at RegisteredActionRunner.dispose (/home/c0x164/.vscode-oss/extensions/eamodio.gitlens-14.0.1-universal/dist/gitlens.js:1:34992)
	at ActionRunners.dispose (/home/c0x164/.vscode-oss/extensions/eamodio.gitlens-14.0.1-universal/dist/gitlens.js:1:35769)
	at /home/c0x164/.vscode-oss/extensions/eamodio.gitlens-14.0.1-universal/dist/gitlens.js:1:647728
	at Array.forEach (<anonymous>)
	at Object.dispose (/home/c0x164/.vscode-oss/extensions/eamodio.gitlens-14.0.1-universal/dist/gitlens.js:1:647713)
	at I (/usr/lib/code/out/vs/workbench/api/node/extensionHostProcess.js:10:12083)
	at n.Z (/usr/lib/code/out/vs/workbench/api/node/extensionHostProcess.js:113:11285)
	at /usr/lib/code/out/vs/workbench/api/node/extensionHostProcess.js:113:9187
	at Array.map (<anonymous>)
	at n.S (/usr/lib/code/out/vs/workbench/api/node/extensionHostProcess.js:113:9175)
	at n.terminate (/usr/lib/code/out/vs/workbench/api/node/extensionHostProcess.js:113:9445)
	at h.terminate (/usr/lib/code/out/vs/workbench/api/node/extensionHostProcess.js:117:1544)
	at p (/usr/lib/code/out/vs/workbench/api/node/extensionHostProcess.js:127:34497)
	at MessagePortMain.<anonymous> (/usr/lib/code/out/vs/workbench/api/node/extensionHostProcess.js:127:30636)
	at MessagePortMain.emit (node:events:513:28)
	at MessagePortMain._internalPort.emit (node:electron/js2c/utility_init:2:367) setContext undefined
2023-08-04 23:52:10.060 [error] Canceled: Canceled
	at new l (/usr/lib/code/out/vs/workbench/api/node/extensionHostProcess.js:99:105905)
	at s.O (/usr/lib/code/out/vs/workbench/api/node/extensionHostProcess.js:111:11754)
	at $.<computed>.j.charCodeAt.$.<computed> (/usr/lib/code/out/vs/workbench/api/node/extensionHostProcess.js:111:9029)
	at e.ExtHostCommands.g (/usr/lib/code/out/vs/workbench/api/node/extensionHostProcess.js:99:130078)
	at e.ExtHostCommands.executeCommand (/usr/lib/code/out/vs/workbench/api/node/extensionHostProcess.js:99:129454)
	at k.registerCommand.description (/usr/lib/code/out/vs/workbench/api/node/extensionHostProcess.js:99:128747)
	at e.ExtHostCommands.h (/usr/lib/code/out/vs/workbench/api/node/extensionHostProcess.js:99:130664)
	at e.ExtHostCommands.g (/usr/lib/code/out/vs/workbench/api/node/extensionHostProcess.js:99:129554)
	at e.ExtHostCommands.executeCommand (/usr/lib/code/out/vs/workbench/api/node/extensionHostProcess.js:99:129454)
	at Object.executeCommand (/usr/lib/code/out/vs/workbench/api/node/extensionHostProcess.js:117:24230)
	at g (/home/c0x164/.vscode-oss/extensions/eamodio.gitlens-14.0.1-universal/dist/gitlens.js:1:916739)
	at c (/home/c0x164/.vscode-oss/extensions/eamodio.gitlens-14.0.1-universal/dist/gitlens.js:1:921419)
	at ActionRunners._updateContextKeys (/home/c0x164/.vscode-oss/extensions/eamodio.gitlens-14.0.1-universal/dist/gitlens.js:1:37764)
	at s (/home/c0x164/.vscode-oss/extensions/eamodio.gitlens-14.0.1-universal/dist/gitlens.js:1:36183)
	at RegisteredActionRunner.unregister (/home/c0x164/.vscode-oss/extensions/eamodio.gitlens-14.0.1-universal/dist/gitlens.js:1:36327)
	at RegisteredActionRunner.dispose (/home/c0x164/.vscode-oss/extensions/eamodio.gitlens-14.0.1-universal/dist/gitlens.js:1:34992)
	at Object.dispose (/home/c0x164/.vscode-oss/extensions/eamodio.gitlens-14.0.1-universal/dist/gitlens.js:1:36424)
	at I (/usr/lib/code/out/vs/workbench/api/node/extensionHostProcess.js:10:12083)
	at n.Z (/usr/lib/code/out/vs/workbench/api/node/extensionHostProcess.js:113:11285)
	at /usr/lib/code/out/vs/workbench/api/node/extensionHostProcess.js:113:9187
	at Array.map (<anonymous>)
	at n.S (/usr/lib/code/out/vs/workbench/api/node/extensionHostProcess.js:113:9175)
	at n.terminate (/usr/lib/code/out/vs/workbench/api/node/extensionHostProcess.js:113:9445)
	at h.terminate (/usr/lib/code/out/vs/workbench/api/node/extensionHostProcess.js:117:1544)
	at p (/usr/lib/code/out/vs/workbench/api/node/extensionHostProcess.js:127:34497)
	at MessagePortMain.<anonymous> (/usr/lib/code/out/vs/workbench/api/node/extensionHostProcess.js:127:30636)
	at MessagePortMain.emit (node:events:513:28)
	at MessagePortMain._internalPort.emit (node:electron/js2c/utility_init:2:367) setContext undefined
2023-08-04 23:52:10.060 [error] Canceled: Canceled
	at new l (/usr/lib/code/out/vs/workbench/api/node/extensionHostProcess.js:99:105905)
	at s.O (/usr/lib/code/out/vs/workbench/api/node/extensionHostProcess.js:111:11754)
	at $.<computed>.j.charCodeAt.$.<computed> (/usr/lib/code/out/vs/workbench/api/node/extensionHostProcess.js:111:9029)
	at e.ExtHostCommands.g (/usr/lib/code/out/vs/workbench/api/node/extensionHostProcess.js:99:130078)
	at e.ExtHostCommands.executeCommand (/usr/lib/code/out/vs/workbench/api/node/extensionHostProcess.js:99:129454)
	at k.registerCommand.description (/usr/lib/code/out/vs/workbench/api/node/extensionHostProcess.js:99:128747)
	at e.ExtHostCommands.h (/usr/lib/code/out/vs/workbench/api/node/extensionHostProcess.js:99:130664)
	at e.ExtHostCommands.g (/usr/lib/code/out/vs/workbench/api/node/extensionHostProcess.js:99:129554)
	at e.ExtHostCommands.executeCommand (/usr/lib/code/out/vs/workbench/api/node/extensionHostProcess.js:99:129454)
	at Object.executeCommand (/usr/lib/code/out/vs/workbench/api/node/extensionHostProcess.js:117:24230)
	at g (/home/c0x164/.vscode-oss/extensions/eamodio.gitlens-14.0.1-universal/dist/gitlens.js:1:916739)
	at c (/home/c0x164/.vscode-oss/extensions/eamodio.gitlens-14.0.1-universal/dist/gitlens.js:1:921419)
	at ActionRunners._updateContextKeys (/home/c0x164/.vscode-oss/extensions/eamodio.gitlens-14.0.1-universal/dist/gitlens.js:1:37764)
	at s (/home/c0x164/.vscode-oss/extensions/eamodio.gitlens-14.0.1-universal/dist/gitlens.js:1:36183)
	at RegisteredActionRunner.unregister (/home/c0x164/.vscode-oss/extensions/eamodio.gitlens-14.0.1-universal/dist/gitlens.js:1:36327)
	at RegisteredActionRunner.dispose (/home/c0x164/.vscode-oss/extensions/eamodio.gitlens-14.0.1-universal/dist/gitlens.js:1:34992)
	at Object.dispose (/home/c0x164/.vscode-oss/extensions/eamodio.gitlens-14.0.1-universal/dist/gitlens.js:1:36424)
	at I (/usr/lib/code/out/vs/workbench/api/node/extensionHostProcess.js:10:12083)
	at n.Z (/usr/lib/code/out/vs/workbench/api/node/extensionHostProcess.js:113:11285)
	at /usr/lib/code/out/vs/workbench/api/node/extensionHostProcess.js:113:9187
	at Array.map (<anonymous>)
	at n.S (/usr/lib/code/out/vs/workbench/api/node/extensionHostProcess.js:113:9175)
	at n.terminate (/usr/lib/code/out/vs/workbench/api/node/extensionHostProcess.js:113:9445)
	at h.terminate (/usr/lib/code/out/vs/workbench/api/node/extensionHostProcess.js:117:1544)
	at p (/usr/lib/code/out/vs/workbench/api/node/extensionHostProcess.js:127:34497)
	at MessagePortMain.<anonymous> (/usr/lib/code/out/vs/workbench/api/node/extensionHostProcess.js:127:30636)
	at MessagePortMain.emit (node:events:513:28)
	at MessagePortMain._internalPort.emit (node:electron/js2c/utility_init:2:367) setContext undefined
2023-08-04 23:52:10.060 [error] Canceled: Canceled
	at new l (/usr/lib/code/out/vs/workbench/api/node/extensionHostProcess.js:99:105905)
	at s.O (/usr/lib/code/out/vs/workbench/api/node/extensionHostProcess.js:111:11754)
	at $.<computed>.j.charCodeAt.$.<computed> (/usr/lib/code/out/vs/workbench/api/node/extensionHostProcess.js:111:9029)
	at e.ExtHostCommands.g (/usr/lib/code/out/vs/workbench/api/node/extensionHostProcess.js:99:130078)
	at e.ExtHostCommands.executeCommand (/usr/lib/code/out/vs/workbench/api/node/extensionHostProcess.js:99:129454)
	at k.registerCommand.description (/usr/lib/code/out/vs/workbench/api/node/extensionHostProcess.js:99:128747)
	at e.ExtHostCommands.h (/usr/lib/code/out/vs/workbench/api/node/extensionHostProcess.js:99:130664)
	at e.ExtHostCommands.g (/usr/lib/code/out/vs/workbench/api/node/extensionHostProcess.js:99:129554)
	at e.ExtHostCommands.executeCommand (/usr/lib/code/out/vs/workbench/api/node/extensionHostProcess.js:99:129454)
	at Object.executeCommand (/usr/lib/code/out/vs/workbench/api/node/extensionHostProcess.js:117:24230)
	at g (/home/c0x164/.vscode-oss/extensions/eamodio.gitlens-14.0.1-universal/dist/gitlens.js:1:916739)
	at c (/home/c0x164/.vscode-oss/extensions/eamodio.gitlens-14.0.1-universal/dist/gitlens.js:1:921419)
	at ActionRunners._updateContextKeys (/home/c0x164/.vscode-oss/extensions/eamodio.gitlens-14.0.1-universal/dist/gitlens.js:1:37764)
	at s (/home/c0x164/.vscode-oss/extensions/eamodio.gitlens-14.0.1-universal/dist/gitlens.js:1:36183)
	at RegisteredActionRunner.unregister (/home/c0x164/.vscode-oss/extensions/eamodio.gitlens-14.0.1-universal/dist/gitlens.js:1:36327)
	at RegisteredActionRunner.dispose (/home/c0x164/.vscode-oss/extensions/eamodio.gitlens-14.0.1-universal/dist/gitlens.js:1:34992)
	at Object.dispose (/home/c0x164/.vscode-oss/extensions/eamodio.gitlens-14.0.1-universal/dist/gitlens.js:1:36424)
	at I (/usr/lib/code/out/vs/workbench/api/node/extensionHostProcess.js:10:12083)
	at n.Z (/usr/lib/code/out/vs/workbench/api/node/extensionHostProcess.js:113:11285)
	at /usr/lib/code/out/vs/workbench/api/node/extensionHostProcess.js:113:9187
	at Array.map (<anonymous>)
	at n.S (/usr/lib/code/out/vs/workbench/api/node/extensionHostProcess.js:113:9175)
	at n.terminate (/usr/lib/code/out/vs/workbench/api/node/extensionHostProcess.js:113:9445)
	at h.terminate (/usr/lib/code/out/vs/workbench/api/node/extensionHostProcess.js:117:1544)
	at p (/usr/lib/code/out/vs/workbench/api/node/extensionHostProcess.js:127:34497)
	at MessagePortMain.<anonymous> (/usr/lib/code/out/vs/workbench/api/node/extensionHostProcess.js:127:30636)
	at MessagePortMain.emit (node:events:513:28)
	at MessagePortMain._internalPort.emit (node:electron/js2c/utility_init:2:367) setContext undefined
2023-08-04 23:52:10.060 [info] Extension host with pid 1867 exiting with code 0
