2023-08-04 02:42:02.220 [info] Added views:workbench.panel.markers.view in workbench.panel.markers
2023-08-04 02:42:02.220 [info] Added views:workbench.panel.output in workbench.panel.output
2023-08-04 02:42:02.220 [info] Added views:terminal in terminal
2023-08-04 02:42:02.220 [info] Added views:outline in workbench.view.explorer
2023-08-04 02:42:02.220 [info] Added views:workbench.scm in workbench.view.scm
2023-08-04 02:42:02.220 [info] Added views:workbench.view.search in workbench.view.search
2023-08-04 02:42:02.220 [info] Added views:timeline in workbench.view.explorer
2023-08-04 02:42:02.221 [info] Added views:workbench.explorer.emptyView in workbench.view.explorer
2023-08-04 02:42:02.537 [info] Added views:workbench.debug.welcome in workbench.view.debug
2023-08-04 02:42:02.882 [info] Added views:workbench.panel.repl.view in workbench.panel.repl
2023-08-04 02:42:06.311 [info] Added views:workbench.views.extensions.installed,workbench.views.extensions.popular,extensions.recommendedList in workbench.view.extensions
2023-08-04 02:42:06.315 [info] Removed views:workbench.views.extensions.popular from workbench.view.extensions
2023-08-04 02:42:06.715 [info] Added views:workbench.views.extensions.popular in workbench.view.extensions
2023-08-04 02:42:10.579 [info] Removed views:extensions.recommendedList,workbench.views.extensions.popular,workbench.views.extensions.installed from workbench.view.extensions
2023-08-04 02:42:10.602 [info] Added views:workbench.views.extensions.marketplace in workbench.view.extensions
2023-08-04 02:42:30.676 [info] Added views:gitlens.views.home,gitlens.views.workspaces,gitlens.views.account in workbench.view.extension.gitlens
2023-08-04 02:42:30.680 [info] Added views:gitlens.views.commitDetails,gitlens.views.lineHistory,gitlens.views.fileHistory,gitlens.views.searchAndCompare in workbench.view.extension.gitlensInspect
2023-08-04 02:42:30.682 [info] Added views:gitlens.views.commits,gitlens.views.branches,gitlens.views.remotes,gitlens.views.stashes,gitlens.views.tags,gitlens.views.contributors in workbench.view.scm
2023-08-04 02:42:31.169 [info] Removed views:gitlens.views.searchAndCompare,gitlens.views.fileHistory,gitlens.views.lineHistory,gitlens.views.commitDetails from workbench.view.extension.gitlensInspect
2023-08-04 02:42:31.171 [info] Removed views:gitlens.views.contributors,gitlens.views.tags,gitlens.views.stashes,gitlens.views.remotes,gitlens.views.branches,gitlens.views.commits from workbench.view.scm
2023-08-04 02:42:31.537 [info] Added views:git-log--graph in workbench.view.scm
