2023-08-04 15:04:54.461 [info] Log level: Info
2023-08-04 15:04:54.461 [info] Validating found git in: "git"
2023-08-04 15:04:54.461 [info] Using git "2.41.0" from "git"
2023-08-04 15:04:54.461 [info] > git rev-parse --show-toplevel [12ms]
2023-08-04 15:04:54.463 [info] > git rev-parse --git-dir --git-common-dir [4ms]
2023-08-04 15:04:54.482 [info] Open repository: /home/c0x164/dotfiles
2023-08-04 15:04:54.669 [info] > git rev-parse --show-toplevel [174ms]
2023-08-04 15:04:54.680 [info] > git rev-parse --show-toplevel [7ms]
2023-08-04 15:04:54.686 [info] > git config --get commit.template [19ms]
2023-08-04 15:04:54.687 [info] > git rev-parse --show-toplevel [2ms]
2023-08-04 15:04:54.790 [info] > git rev-parse --show-toplevel [98ms]
2023-08-04 15:04:54.919 [info] > git rev-parse --show-toplevel [121ms]
2023-08-04 15:04:54.920 [info] > git for-each-ref --format=%(refname)%00%(upstream:short)%00%(objectname)%00%(upstream:track)%00%(upstream:remotename)%00%(upstream:remoteref) refs/heads/main refs/remotes/main [131ms]
2023-08-04 15:04:55.108 [info] > git status -z -uall [179ms]
2023-08-04 15:04:55.130 [info] > git config --get commit.template [6ms]
2023-08-04 15:04:55.140 [info] > git for-each-ref --format=%(refname)%00%(upstream:short)%00%(objectname)%00%(upstream:track)%00%(upstream:remotename)%00%(upstream:remoteref) refs/heads/main refs/remotes/main [2ms]
2023-08-04 15:04:55.219 [info] > git check-ignore -v -z --stdin [35ms]
2023-08-04 15:04:55.306 [info] > git status -z -uall [159ms]
2023-08-04 15:04:56.076 [info] > git fetch [761ms]
2023-08-04 15:04:56.100 [info] > git config --get commit.template [15ms]
2023-08-04 15:04:56.101 [info] > git for-each-ref --format=%(refname)%00%(upstream:short)%00%(objectname)%00%(upstream:track)%00%(upstream:remotename)%00%(upstream:remoteref) refs/heads/main refs/remotes/main [2ms]
2023-08-04 15:04:56.267 [info] > git status -z -uall [156ms]
