2023-08-04 20:43:28.495 [info] Log level: Info
2023-08-04 20:43:28.495 [info] Validating found git in: "git"
2023-08-04 20:43:28.495 [info] Using git "2.41.0" from "git"
2023-08-04 20:43:28.495 [info] > git rev-parse --show-toplevel [6ms]
2023-08-04 20:43:28.495 [info] fatal: not a git repository (or any of the parent directories): .git
2023-08-04 20:43:28.925 [info] > git rev-parse --show-toplevel [8ms]
2023-08-04 20:43:28.925 [info] fatal: not a git repository (or any of the parent directories): .git
2023-08-04 20:44:06.977 [info] > git rev-parse --show-toplevel [2ms]
2023-08-04 20:44:06.977 [info] fatal: not a git repository (or any of the parent directories): .git
2023-08-04 20:44:15.340 [info] > git rev-parse --show-toplevel [3ms]
2023-08-04 20:44:15.340 [info] fatal: not a git repository (or any of the parent directories): .git
2023-08-04 20:44:32.251 [info] > git rev-parse --show-toplevel [1ms]
2023-08-04 20:44:32.251 [info] fatal: not a git repository (or any of the parent directories): .git
2023-08-04 20:45:30.188 [info] > git rev-parse --show-toplevel [3ms]
2023-08-04 20:45:30.188 [info] fatal: not a git repository (or any of the parent directories): .git
2023-08-04 20:46:19.150 [info] > git rev-parse --show-toplevel [4ms]
2023-08-04 20:46:19.150 [info] fatal: not a git repository (or any of the parent directories): .git
2023-08-04 20:46:33.724 [info] > git rev-parse --show-toplevel [4ms]
2023-08-04 20:46:33.724 [info] fatal: not a git repository (or any of the parent directories): .git
2023-08-04 20:47:03.836 [info] > git rev-parse --show-toplevel [9ms]
2023-08-04 20:47:03.836 [info] fatal: not a git repository (or any of the parent directories): .git
2023-08-04 20:47:20.151 [info] > git rev-parse --show-toplevel [4ms]
2023-08-04 20:47:20.151 [info] fatal: not a git repository (or any of the parent directories): .git
2023-08-04 20:47:28.610 [info] > git rev-parse --show-toplevel [3ms]
2023-08-04 20:47:28.610 [info] fatal: not a git repository (or any of the parent directories): .git
2023-08-04 20:47:54.787 [info] > git rev-parse --show-toplevel [3ms]
2023-08-04 20:47:54.787 [info] fatal: not a git repository (or any of the parent directories): .git
2023-08-04 20:49:29.212 [info] > git rev-parse --show-toplevel [9ms]
2023-08-04 20:49:29.212 [info] fatal: not a git repository (or any of the parent directories): .git
2023-08-04 20:49:54.400 [info] > git rev-parse --show-toplevel [2ms]
2023-08-04 20:49:54.400 [info] fatal: not a git repository (or any of the parent directories): .git
