2023-08-04 02:43:51.487 [info] Getting Manifest... ecmel.vscode-html-css
2023-08-04 02:43:51.967 [info] Installing extension: ecmel.vscode-html-css
2023-08-04 02:43:52.151 [info] Getting Manifest... abusaidm.html-snippets
2023-08-04 02:43:52.328 [info] Installing extension: abusaidm.html-snippets
2023-08-04 02:43:53.070 [info] Extension signature verification is not done: ecmel.vscode-html-css
2023-08-04 02:43:53.113 [info] Extracted extension to /home/c0x164/.vscode-oss/extensions/.368967bd-1d40-4be8-a393-41ea012eaf80: ecmel.vscode-html-css
2023-08-04 02:43:53.118 [info] Renamed to /home/c0x164/.vscode-oss/extensions/ecmel.vscode-html-css-1.13.1-universal
2023-08-04 02:43:53.122 [info] Extracting extension completed. ecmel.vscode-html-css
2023-08-04 02:43:53.135 [info] Extension installed successfully: ecmel.vscode-html-css
2023-08-04 02:43:53.238 [info] Extension signature verification is not done: abusaidm.html-snippets
2023-08-04 02:43:53.270 [info] Extracted extension to /home/c0x164/.vscode-oss/extensions/.182a28b7-6334-4f1b-aafd-54f3ea79e48e: abusaidm.html-snippets
2023-08-04 02:43:53.276 [info] Renamed to /home/c0x164/.vscode-oss/extensions/abusaidm.html-snippets-0.2.1-universal
2023-08-04 02:43:53.278 [info] Extracting extension completed. abusaidm.html-snippets
2023-08-04 02:43:53.291 [info] Extension installed successfully: abusaidm.html-snippets
2023-08-04 02:44:01.666 [info] Getting Manifest... pinage404.front-end-extension-pack
2023-08-04 02:44:01.853 [info] Installing extension: pinage404.front-end-extension-pack
2023-08-04 02:44:02.730 [info] Getting Manifest... ms-vscode.live-server
2023-08-04 02:44:03.021 [info] Getting Manifest... abusaidm.html-snippets
2023-08-04 02:44:03.032 [info] Getting Manifest... christian-kohler.path-intellisense
2023-08-04 02:44:03.309 [info] Getting Manifest... kisstkondoros.vscode-gutter-preview
2023-08-04 02:44:03.569 [info] Getting Manifest... jock.svg
2023-08-04 02:44:03.821 [info] Getting Manifest... naumovs.color-highlight
2023-08-04 02:44:04.059 [info] Getting Manifest... auchenberg.vscode-browser-preview
2023-08-04 02:44:04.352 [info] Getting Manifest... pranaygp.vscode-css-peek
2023-08-04 02:44:04.662 [info] Getting Manifest... redhat.vscode-xml
2023-08-04 02:44:05.042 [info] Installing extension: ms-vscode.live-server pinage404.front-end-extension-pack
2023-08-04 02:44:05.042 [info] Installing extension: christian-kohler.path-intellisense pinage404.front-end-extension-pack
2023-08-04 02:44:05.042 [info] Installing extension: kisstkondoros.vscode-gutter-preview pinage404.front-end-extension-pack
2023-08-04 02:44:05.042 [info] Installing extension: jock.svg pinage404.front-end-extension-pack
2023-08-04 02:44:05.042 [info] Installing extension: naumovs.color-highlight pinage404.front-end-extension-pack
2023-08-04 02:44:05.043 [info] Installing extension: auchenberg.vscode-browser-preview pinage404.front-end-extension-pack
2023-08-04 02:44:05.043 [info] Installing extension: pranaygp.vscode-css-peek pinage404.front-end-extension-pack
2023-08-04 02:44:05.043 [info] Installing extension: redhat.vscode-xml pinage404.front-end-extension-pack
2023-08-04 02:44:06.856 [info] Extension signature verification is not done: ms-vscode.live-server
2023-08-04 02:44:06.907 [info] Extracted extension to /home/c0x164/.vscode-oss/extensions/.856c2d70-9e00-4b6e-b04b-b04a0b1736f6: ms-vscode.live-server
2023-08-04 02:44:06.913 [info] Renamed to /home/c0x164/.vscode-oss/extensions/ms-vscode.live-server-0.4.8-universal
2023-08-04 02:44:06.916 [info] Extracting extension completed. ms-vscode.live-server
2023-08-04 02:44:07.173 [info] Extension signature verification is not done: naumovs.color-highlight
2023-08-04 02:44:07.286 [info] Extension signature verification is not done: kisstkondoros.vscode-gutter-preview
2023-08-04 02:44:07.327 [info] Extracted extension to /home/c0x164/.vscode-oss/extensions/.6c08b312-8bbd-44e5-a56f-b2e471520a77: kisstkondoros.vscode-gutter-preview
2023-08-04 02:44:07.332 [info] Renamed to /home/c0x164/.vscode-oss/extensions/kisstkondoros.vscode-gutter-preview-0.30.0-universal
2023-08-04 02:44:07.335 [info] Extracting extension completed. kisstkondoros.vscode-gutter-preview
2023-08-04 02:44:07.559 [info] Extracted extension to /home/c0x164/.vscode-oss/extensions/.df9522b1-43ee-45b6-bda6-444b9cc878cb: naumovs.color-highlight
2023-08-04 02:44:07.566 [info] Renamed to /home/c0x164/.vscode-oss/extensions/naumovs.color-highlight-2.6.0-universal
2023-08-04 02:44:07.568 [info] Extracting extension completed. naumovs.color-highlight
2023-08-04 02:44:09.031 [info] Extension signature verification is not done: jock.svg
2023-08-04 02:44:09.195 [info] Extracted extension to /home/c0x164/.vscode-oss/extensions/.4d9f629e-48cd-4e26-a4b6-70f2c42685dd: jock.svg
2023-08-04 02:44:09.200 [info] Renamed to /home/c0x164/.vscode-oss/extensions/jock.svg-1.5.3-universal
2023-08-04 02:44:09.203 [info] Extracting extension completed. jock.svg
2023-08-04 02:44:11.361 [info] Extension signature verification is not done: christian-kohler.path-intellisense
2023-08-04 02:44:11.456 [info] Extracted extension to /home/c0x164/.vscode-oss/extensions/.66c1bd09-5f0b-45fd-a4cf-f279864c9374: christian-kohler.path-intellisense
2023-08-04 02:44:11.461 [info] Renamed to /home/c0x164/.vscode-oss/extensions/christian-kohler.path-intellisense-2.8.0-universal
2023-08-04 02:44:11.464 [info] Extracting extension completed. christian-kohler.path-intellisense
2023-08-04 02:44:22.550 [info] Extension signature verification is not done: pranaygp.vscode-css-peek
2023-08-04 02:44:26.863 [info] Extracted extension to /home/c0x164/.vscode-oss/extensions/.e9cb26a0-c7e1-4178-b945-73ebd30e0168: pranaygp.vscode-css-peek
2023-08-04 02:44:26.868 [info] Renamed to /home/c0x164/.vscode-oss/extensions/pranaygp.vscode-css-peek-4.4.1-universal
2023-08-04 02:44:26.870 [info] Extracting extension completed. pranaygp.vscode-css-peek
2023-08-04 02:44:44.502 [info] Extension signature verification is not done: auchenberg.vscode-browser-preview
2023-08-04 02:44:46.796 [info] Extracted extension to /home/c0x164/.vscode-oss/extensions/.b3f5790a-a7cf-46f6-a816-b49b6902b78c: auchenberg.vscode-browser-preview
2023-08-04 02:44:46.805 [info] Renamed to /home/c0x164/.vscode-oss/extensions/auchenberg.vscode-browser-preview-0.7.2-universal
2023-08-04 02:44:46.808 [info] Extracting extension completed. auchenberg.vscode-browser-preview
2023-08-04 02:44:50.846 [info] Getting Manifest... esbenp.prettier-vscode
2023-08-04 02:44:51.321 [info] Installing extension: esbenp.prettier-vscode
2023-08-04 02:44:56.799 [info] Extension signature verification is not done: esbenp.prettier-vscode
2023-08-04 02:44:56.972 [info] Extracted extension to /home/c0x164/.vscode-oss/extensions/.52bd1320-7380-4387-a0a0-0adc295edf8c: esbenp.prettier-vscode
2023-08-04 02:44:56.977 [info] Renamed to /home/c0x164/.vscode-oss/extensions/esbenp.prettier-vscode-10.1.0-universal
2023-08-04 02:44:56.981 [info] Extracting extension completed. esbenp.prettier-vscode
2023-08-04 02:44:56.992 [info] Extension installed successfully: esbenp.prettier-vscode
2023-08-04 02:45:11.663 [info] Extension signature verification is not done: redhat.vscode-xml
2023-08-04 02:45:13.009 [info] Extracted extension to /home/c0x164/.vscode-oss/extensions/.2778fdb1-1974-4e9a-acc3-29b799b0731d: redhat.vscode-xml
2023-08-04 02:45:13.015 [info] Renamed to /home/c0x164/.vscode-oss/extensions/redhat.vscode-xml-0.26.1-linux-x64
2023-08-04 02:45:13.018 [info] Extracting extension completed. redhat.vscode-xml
2023-08-04 02:45:13.788 [info] Extension signature verification is not done: pinage404.front-end-extension-pack
2023-08-04 02:45:13.802 [info] Extracted extension to /home/c0x164/.vscode-oss/extensions/.dbe3b6ff-99a9-4d6b-91f0-89135eb2700e: pinage404.front-end-extension-pack
2023-08-04 02:45:13.806 [info] Renamed to /home/c0x164/.vscode-oss/extensions/pinage404.front-end-extension-pack-1.2.0-universal
2023-08-04 02:45:13.809 [info] Extracting extension completed. pinage404.front-end-extension-pack
2023-08-04 02:45:13.828 [info] Extension installed successfully: ms-vscode.live-server
2023-08-04 02:45:13.829 [info] Extension installed successfully: kisstkondoros.vscode-gutter-preview
2023-08-04 02:45:13.829 [info] Extension installed successfully: naumovs.color-highlight
2023-08-04 02:45:13.829 [info] Extension installed successfully: jock.svg
2023-08-04 02:45:13.829 [info] Extension installed successfully: christian-kohler.path-intellisense
2023-08-04 02:45:13.829 [info] Extension installed successfully: pranaygp.vscode-css-peek
2023-08-04 02:45:13.830 [info] Extension installed successfully: auchenberg.vscode-browser-preview
2023-08-04 02:45:13.830 [info] Extension installed successfully: redhat.vscode-xml
2023-08-04 02:45:13.830 [info] Extension installed successfully: pinage404.front-end-extension-pack
2023-08-04 02:45:42.419 [info] Getting Manifest... xabikos.javascriptsnippets
2023-08-04 02:45:43.540 [info] Installing extension: xabikos.javascriptsnippets
2023-08-04 02:45:45.609 [info] Extension signature verification is not done: xabikos.javascriptsnippets
2023-08-04 02:45:45.619 [info] Extracted extension to /home/c0x164/.vscode-oss/extensions/.913e12a0-da1e-4371-ae2d-3cbcb7374a13: xabikos.javascriptsnippets
2023-08-04 02:45:45.623 [info] Renamed to /home/c0x164/.vscode-oss/extensions/xabikos.javascriptsnippets-1.8.0-universal
2023-08-04 02:45:45.625 [info] Extracting extension completed. xabikos.javascriptsnippets
2023-08-04 02:45:45.638 [info] Extension installed successfully: xabikos.javascriptsnippets
2023-08-04 02:45:53.730 [info] Getting Manifest... pranaygp.vscode-css-peek
2023-08-04 02:45:54.226 [info] Installing extension: pranaygp.vscode-css-peek
2023-08-04 02:45:54.588 [info] Extension installed successfully: pranaygp.vscode-css-peek
2023-08-04 02:46:03.526 [info] Getting Manifest... ritwickdey.liveserver
2023-08-04 02:46:04.001 [info] Installing extension: ritwickdey.liveserver
2023-08-04 02:46:12.110 [info] Getting Manifest... dbaeumer.vscode-eslint
2023-08-04 02:46:12.277 [info] Installing extension: dbaeumer.vscode-eslint
2023-08-04 02:46:13.656 [info] Extension signature verification is not done: dbaeumer.vscode-eslint
2023-08-04 02:46:13.684 [info] Extracted extension to /home/c0x164/.vscode-oss/extensions/.6f55dc69-14eb-4636-8288-cd496fd21c43: dbaeumer.vscode-eslint
2023-08-04 02:46:13.688 [info] Renamed to /home/c0x164/.vscode-oss/extensions/dbaeumer.vscode-eslint-2.4.2-universal
2023-08-04 02:46:13.690 [info] Extracting extension completed. dbaeumer.vscode-eslint
2023-08-04 02:46:13.702 [info] Extension installed successfully: dbaeumer.vscode-eslint
2023-08-04 02:46:14.033 [info] Extension signature verification is not done: ritwickdey.liveserver
2023-08-04 02:46:17.998 [info] Extracted extension to /home/c0x164/.vscode-oss/extensions/.2f1afded-d262-4ac7-9f2c-6dec8a50ea02: ritwickdey.liveserver
2023-08-04 02:46:18.007 [info] Renamed to /home/c0x164/.vscode-oss/extensions/ritwickdey.liveserver-5.7.9-universal
2023-08-04 02:46:18.010 [info] Extracting extension completed. ritwickdey.liveserver
2023-08-04 02:46:18.019 [info] Extension installed successfully: ritwickdey.liveserver
