2023-08-04 20:43:27.327 [info] Added views:workbench.panel.markers.view in workbench.panel.markers
2023-08-04 20:43:27.327 [info] Added views:workbench.panel.output in workbench.panel.output
2023-08-04 20:43:27.327 [info] Added views:terminal in terminal
2023-08-04 20:43:27.327 [info] Added views:outline in workbench.view.explorer
2023-08-04 20:43:27.327 [info] Added views:workbench.scm in workbench.view.scm
2023-08-04 20:43:27.327 [info] Added views:workbench.view.search in workbench.view.search
2023-08-04 20:43:27.327 [info] Added views:timeline in workbench.view.explorer
2023-08-04 20:43:27.327 [info] Added views:workbench.explorer.emptyView in workbench.view.explorer
2023-08-04 20:43:27.563 [info] Added views:workbench.debug.variablesView,workbench.debug.watchExpressionsView,workbench.debug.callStackView,workbench.debug.breakPointsView in workbench.view.debug
2023-08-04 20:43:27.718 [info] Added views:targetTree in workbench.view.extension.browser-preview
2023-08-04 20:43:27.719 [info] Added views:gitlens.views.home,gitlens.views.workspaces,gitlens.views.account in workbench.view.extension.gitlens
2023-08-04 20:43:27.719 [info] Added views:gitlens.views.commitDetails,gitlens.views.lineHistory,gitlens.views.fileHistory,gitlens.views.searchAndCompare in workbench.view.extension.gitlensInspect
2023-08-04 20:43:27.720 [info] Added views:gitlens.views.commits,gitlens.views.branches,gitlens.views.remotes,gitlens.views.stashes,gitlens.views.tags,gitlens.views.contributors in workbench.view.scm
2023-08-04 20:43:27.720 [info] Added views:git-log--graph in workbench.view.scm
2023-08-04 20:43:27.898 [info] Added views:workbench.panel.repl.view in workbench.panel.repl
2023-08-04 20:43:27.901 [info] Removed views:workbench.debug.breakPointsView,workbench.debug.callStackView,workbench.debug.watchExpressionsView,workbench.debug.variablesView from workbench.view.debug
2023-08-04 20:43:27.901 [info] Added views:workbench.debug.welcome in workbench.view.debug
2023-08-04 20:43:28.416 [info] Removed views:gitlens.views.searchAndCompare,gitlens.views.fileHistory,gitlens.views.lineHistory,gitlens.views.commitDetails from workbench.view.extension.gitlensInspect
2023-08-04 20:43:28.417 [info] Removed views:gitlens.views.contributors,gitlens.views.tags,gitlens.views.stashes,gitlens.views.remotes,gitlens.views.branches,gitlens.views.commits from workbench.view.scm
2023-08-04 20:44:14.999 [info] Added views:workbench.debug.breakPointsView in workbench.view.debug
