2023-08-04 14:57:55.083 [info] Added views:workbench.panel.markers.view in workbench.panel.markers
2023-08-04 14:57:55.083 [info] Added views:workbench.panel.output in workbench.panel.output
2023-08-04 14:57:55.083 [info] Added views:terminal in terminal
2023-08-04 14:57:55.083 [info] Added views:outline in workbench.view.explorer
2023-08-04 14:57:55.083 [info] Added views:workbench.scm in workbench.view.scm
2023-08-04 14:57:55.083 [info] Added views:workbench.view.search in workbench.view.search
2023-08-04 14:57:55.083 [info] Added views:timeline in workbench.view.explorer
2023-08-04 14:57:55.083 [info] Added views:workbench.explorer.fileView in workbench.view.explorer
2023-08-04 14:57:55.315 [info] Added views:workbench.debug.welcome in workbench.view.debug
2023-08-04 14:57:55.603 [info] Added views:targetTree in workbench.view.extension.browser-preview
2023-08-04 14:57:55.604 [info] Added views:gitlens.views.home,gitlens.views.workspaces,gitlens.views.account in workbench.view.extension.gitlens
2023-08-04 14:57:55.604 [info] Added views:gitlens.views.commitDetails,gitlens.views.lineHistory,gitlens.views.fileHistory,gitlens.views.searchAndCompare in workbench.view.extension.gitlensInspect
2023-08-04 14:57:55.605 [info] Added views:gitlens.views.commits,gitlens.views.branches,gitlens.views.remotes,gitlens.views.stashes,gitlens.views.tags,gitlens.views.contributors in workbench.view.scm
2023-08-04 14:57:55.605 [info] Added views:git-log--graph in workbench.view.scm
2023-08-04 14:57:55.786 [info] Added views:workbench.panel.repl.view in workbench.panel.repl
2023-08-04 14:57:57.595 [info] Added views:gitlens.views.graph,gitlens.views.graphDetails in workbench.view.extension.gitlensPanel
2023-08-04 14:57:57.596 [info] Added views:gitlens.views.timeline in workbench.view.extension.gitlensInspect
2023-08-04 14:57:57.598 [info] Added views:gitlens.views.worktrees in workbench.view.scm
2023-08-04 14:58:20.162 [info] Added views:workbench.panel.markers.view in workbench.panel.markers
2023-08-04 14:58:20.162 [info] Added views:workbench.panel.output in workbench.panel.output
2023-08-04 14:58:20.162 [info] Added views:terminal in terminal
2023-08-04 14:58:20.162 [info] Added views:outline in workbench.view.explorer
2023-08-04 14:58:20.162 [info] Added views:workbench.scm in workbench.view.scm
2023-08-04 14:58:20.162 [info] Added views:workbench.view.search in workbench.view.search
2023-08-04 14:58:20.162 [info] Added views:timeline in workbench.view.explorer
2023-08-04 14:58:20.162 [info] Added views:workbench.explorer.fileView in workbench.view.explorer
2023-08-04 14:58:20.356 [info] Added views:gitlens.views.home,gitlens.views.workspaces,gitlens.views.account in workbench.view.extension.gitlens
2023-08-04 14:58:20.356 [info] Added views:gitlens.views.commitDetails,gitlens.views.lineHistory,gitlens.views.fileHistory,gitlens.views.searchAndCompare in workbench.view.extension.gitlensInspect
2023-08-04 14:58:20.357 [info] Added views:gitlens.views.commits,gitlens.views.branches,gitlens.views.remotes,gitlens.views.stashes,gitlens.views.tags,gitlens.views.contributors in workbench.view.scm
2023-08-04 14:58:20.472 [info] Added views:workbench.debug.variablesView,workbench.debug.watchExpressionsView,workbench.debug.callStackView,workbench.debug.breakPointsView in workbench.view.debug
2023-08-04 14:58:20.665 [info] Added views:workbench.panel.repl.view in workbench.panel.repl
2023-08-04 14:58:20.667 [info] Removed views:workbench.debug.breakPointsView,workbench.debug.callStackView,workbench.debug.watchExpressionsView,workbench.debug.variablesView from workbench.view.debug
2023-08-04 14:58:20.668 [info] Added views:workbench.debug.welcome in workbench.view.debug
2023-08-04 14:58:20.850 [info] Removed views:gitlens.views.workspaces from workbench.view.extension.gitlens
2023-08-04 14:58:21.014 [info] Removed views:gitlens.views.searchAndCompare,gitlens.views.fileHistory,gitlens.views.lineHistory,gitlens.views.commitDetails from workbench.view.extension.gitlensInspect
2023-08-04 14:58:21.015 [info] Removed views:gitlens.views.contributors,gitlens.views.tags,gitlens.views.stashes,gitlens.views.remotes,gitlens.views.branches,gitlens.views.commits from workbench.view.scm
2023-08-04 14:58:23.057 [info] Added views:gitlens.views.workspaces in workbench.view.extension.gitlens
2023-08-04 14:58:23.089 [info] Added views:gitlens.views.graph,gitlens.views.graphDetails in workbench.view.extension.gitlensPanel
2023-08-04 14:58:23.094 [info] Added views:gitlens.views.commitDetails,gitlens.views.lineHistory,gitlens.views.fileHistory,gitlens.views.timeline,gitlens.views.searchAndCompare in workbench.view.extension.gitlensInspect
2023-08-04 14:58:23.099 [info] Added views:gitlens.views.commits,gitlens.views.branches,gitlens.views.remotes,gitlens.views.stashes,gitlens.views.tags,gitlens.views.worktrees,gitlens.views.contributors in workbench.view.scm
2023-08-04 14:58:23.254 [info] Added views:targetTree in workbench.view.extension.browser-preview
2023-08-04 14:58:23.256 [info] Added views:git-log--graph in workbench.view.scm
2023-08-04 14:58:59.078 [info] Added views:workbench.debug.breakPointsView in workbench.view.debug
