2023-08-04 02:43:30.270 [info] Reading sessions from keychain...
2023-08-04 02:43:30.270 [info] Getting sessions for all scopes...
2023-08-04 02:43:30.270 [info] Getting sessions for read:user,repo,user:email...
2023-08-04 02:43:30.270 [info] Got 0 sessions for ...
2023-08-04 02:43:30.270 [info] Got 0 sessions for read:user,repo,user:email...
2023-08-04 02:43:30.270 [info] Getting sessions for all scopes...
2023-08-04 02:43:30.270 [info] Got 0 sessions for ...
2023-08-04 02:52:12.301 [info] Getting sessions for read:user,repo,user:email,workflow...
2023-08-04 02:52:12.301 [info] Got 0 sessions for read:user,repo,user:email,workflow...
2023-08-04 02:52:14.094 [info] Logging in for the following scopes: read:user repo user:email workflow
2023-08-04 02:52:14.116 [info] Trying with local server... (read:user repo user:email workflow)
2023-08-04 02:52:15.561 [info] Exchanging code for token...
2023-08-04 02:52:16.787 [info] Token exchange success!
2023-08-04 02:52:16.796 [info] Getting user info...
2023-08-04 02:52:17.713 [info] Got account info!
2023-08-04 02:52:17.713 [info] Storing 1 sessions...
2023-08-04 02:52:17.724 [error] Setting token failed: Error: GDBus.Error:org.freedesktop.DBus.Error.ServiceUnknown: The name org.freedesktop.secrets was not provided by any .service files
2023-08-04 02:52:17.724 [info] Stored 1 sessions!
2023-08-04 02:52:17.725 [info] Login success!
2023-08-04 02:52:17.751 [info] Getting sessions for read:user,repo,user:email...
2023-08-04 02:52:17.751 [info] Got 0 sessions for read:user,repo,user:email...
